<?xml version="1.0" encoding="UTF-8"?>
<testng-results skipped="0" failed="0" total="4" passed="4">
  <reporter-output>
  </reporter-output>
  <suite name="Suite" duration-ms="38911" started-at="2020-12-14T20:58:18Z" finished-at="2020-12-14T20:58:57Z">
    <groups>
    </groups>
    <test name="UITest" duration-ms="32805" started-at="2020-12-14T20:58:18Z" finished-at="2020-12-14T20:58:51Z">
      <class name="ApiAutomation.testRun.myPedia">
        <test-method status="PASS" signature="openBrowser()[pri:0, instance:ApiAutomation.testRun.myPedia@523884b2]" name="openBrowser" is-config="true" duration-ms="21628" started-at="2020-12-15T02:28:18Z" finished-at="2020-12-15T02:28:40Z">
          <reporter-output>
          </reporter-output>
        </test-method> <!-- openBrowser -->
        <test-method status="PASS" signature="dropDownCheck()[pri:0, instance:ApiAutomation.testRun.myPedia@523884b2]" name="dropDownCheck" duration-ms="1917" started-at="2020-12-15T02:28:40Z" finished-at="2020-12-15T02:28:42Z">
          <reporter-output>
          </reporter-output>
        </test-method> <!-- dropDownCheck -->
        <test-method status="PASS" signature="createAccount()[pri:1, instance:ApiAutomation.testRun.myPedia@523884b2]" name="createAccount" duration-ms="9086" started-at="2020-12-15T02:28:42Z" finished-at="2020-12-15T02:28:51Z">
          <reporter-output>
          </reporter-output>
        </test-method> <!-- createAccount -->
        <test-method status="PASS" signature="closeBrowser()[pri:0, instance:ApiAutomation.testRun.myPedia@523884b2]" name="closeBrowser" is-config="true" duration-ms="117" started-at="2020-12-15T02:28:51Z" finished-at="2020-12-15T02:28:51Z">
          <reporter-output>
          </reporter-output>
        </test-method> <!-- closeBrowser -->
      </class> <!-- ApiAutomation.testRun.myPedia -->
    </test> <!-- UITest -->
    <test name="APITest" duration-ms="6044" started-at="2020-12-14T20:58:51Z" finished-at="2020-12-14T20:58:57Z">
      <class name="ApiAutomation.testRun.kosmos">
        <test-method status="PASS" signature="Testcase()[pri:0, instance:ApiAutomation.testRun.kosmos@6093dd95]" name="Testcase" duration-ms="3696" started-at="2020-12-15T02:28:51Z" finished-at="2020-12-15T02:28:55Z">
          <reporter-output>
          </reporter-output>
        </test-method> <!-- Testcase -->
        <test-method status="PASS" signature="TestcaseEULA()[pri:0, instance:ApiAutomation.testRun.kosmos@6093dd95]" name="TestcaseEULA" duration-ms="2341" started-at="2020-12-15T02:28:55Z" finished-at="2020-12-15T02:28:57Z">
          <reporter-output>
          </reporter-output>
        </test-method> <!-- TestcaseEULA -->
      </class> <!-- ApiAutomation.testRun.kosmos -->
    </test> <!-- APITest -->
  </suite> <!-- Suite -->
</testng-results>
